{"level":"info","message":"Connection has been established successfully.","timestamp":"2023-10-17T14:33:53.761Z"}
{"level":"info","message":"Connection has been established successfully.","timestamp":"2023-10-17T14:34:22.495Z"}
{"level":"info","message":"Connection has been established successfully.","timestamp":"2023-10-17T15:30:22.084Z"}
{"level":"error","message":"notNull Violation: users.firstName cannot be null,\nnotNull Violation: users.lastName cannot be null,\nnotNull Violation: users.phone cannot be null,\nnotNull Violation: users.location cannot be null,\nnotNull Violation: users.occupation cannot be null","timestamp":"2023-10-17T15:30:24.983Z"}
{"level":"info","message":"Connection has been established successfully.","timestamp":"2023-10-17T15:30:41.445Z"}
{"level":"info","message":"Connection has been established successfully.","timestamp":"2023-10-17T15:31:00.897Z"}
{"level":"error","message":"notNull Violation: users.firstName cannot be null,\nnotNull Violation: users.lastName cannot be null,\nnotNull Violation: users.phone cannot be null,\nnotNull Violation: users.location cannot be null,\nnotNull Violation: users.occupation cannot be null","timestamp":"2023-10-17T15:31:03.145Z"}
{"level":"info","message":"Connection has been established successfully.","timestamp":"2023-10-17T15:31:37.561Z"}
{"level":"info","message":"Connection has been established successfully.","timestamp":"2023-10-17T15:32:06.637Z"}
{"level":"info","message":"Connection has been established successfully.","timestamp":"2023-10-17T15:32:12.171Z"}
{"level":"error","message":"notNull Violation: users.firstName cannot be null,\nnotNull Violation: users.lastName cannot be null,\nnotNull Violation: users.phone cannot be null,\nnotNull Violation: users.location cannot be null,\nnotNull Violation: users.occupation cannot be null","timestamp":"2023-10-17T15:32:15.269Z"}
{"level":"info","message":"Connection has been established successfully.","timestamp":"2023-10-17T15:32:32.369Z"}
{"level":"error","message":"notNull Violation: users.firstName cannot be null,\nnotNull Violation: users.lastName cannot be null,\nnotNull Violation: users.phone cannot be null,\nnotNull Violation: users.location cannot be null,\nnotNull Violation: users.occupation cannot be null","timestamp":"2023-10-17T15:32:33.883Z"}
{"level":"error","message":"notNull Violation: users.firstName cannot be null,\nnotNull Violation: users.lastName cannot be null,\nnotNull Violation: users.phone cannot be null,\nnotNull Violation: users.location cannot be null,\nnotNull Violation: users.occupation cannot be null,\nValidation error: Validation isEmail on email failed","timestamp":"2023-10-17T15:32:47.107Z"}
{"level":"error","message":"notNull Violation: users.firstName cannot be null,\nnotNull Violation: users.lastName cannot be null,\nnotNull Violation: users.phone cannot be null,\nnotNull Violation: users.location cannot be null,\nnotNull Violation: users.occupation cannot be null","timestamp":"2023-10-17T15:33:16.412Z"}
{"level":"info","message":"Connection has been established successfully.","timestamp":"2023-10-17T15:33:37.084Z"}
{"level":"error","message":"notNull Violation: users.firstName cannot be null,\nnotNull Violation: users.lastName cannot be null,\nnotNull Violation: users.phone cannot be null,\nnotNull Violation: users.location cannot be null,\nnotNull Violation: users.occupation cannot be null","timestamp":"2023-10-17T15:33:39.078Z"}
{"level":"info","message":"Connection has been established successfully.","timestamp":"2023-10-17T15:34:58.177Z"}
{"level":"info","message":"Connection has been established successfully.","timestamp":"2023-10-17T15:39:53.123Z"}
{"level":"info","message":"Connection has been established successfully.","timestamp":"2023-10-17T15:41:06.483Z"}
{"level":"info","message":"Connection has been established successfully.","timestamp":"2023-10-17T15:43:23.302Z"}
{"level":"info","message":"Connection has been established successfully.","timestamp":"2023-10-17T15:43:33.019Z"}
{"level":"info","message":"Connection has been established successfully.","timestamp":"2023-10-17T15:45:06.849Z"}
{"level":"error","message":"notNull Violation: users.firstName cannot be null,\nnotNull Violation: users.lastName cannot be null,\nnotNull Violation: users.phone cannot be null,\nnotNull Violation: users.location cannot be null,\nnotNull Violation: users.occupation cannot be null","timestamp":"2023-10-17T15:45:10.699Z"}
{"level":"info","message":"Connection has been established successfully.","timestamp":"2023-10-17T15:46:03.763Z"}
{"level":"info","message":"Connection has been established successfully.","timestamp":"2023-10-17T15:46:50.581Z"}
{"level":"info","message":"Connection has been established successfully.","timestamp":"2023-10-17T15:47:15.086Z"}
{"level":"info","message":"Connection has been established successfully.","timestamp":"2023-10-17T15:47:26.401Z"}
{"level":"info","message":"Connection has been established successfully.","timestamp":"2023-10-17T15:47:30.783Z"}
{"level":"info","message":"Connection has been established successfully.","timestamp":"2023-10-17T15:47:41.853Z"}
{"level":"error","message":"notNull Violation: users.firstName cannot be null,\nnotNull Violation: users.lastName cannot be null,\nnotNull Violation: users.phone cannot be null,\nnotNull Violation: users.location cannot be null,\nnotNull Violation: users.occupation cannot be null","timestamp":"2023-10-17T15:47:43.938Z"}
{"level":"info","message":"Connection has been established successfully.","timestamp":"2023-10-17T15:47:59.424Z"}
{"level":"info","message":"Connection has been established successfully.","timestamp":"2023-10-17T15:48:34.079Z"}
{"level":"info","message":"Connection has been established successfully.","timestamp":"2023-10-17T15:48:43.575Z"}
{"level":"error","message":"notNull Violation: users.phone cannot be null,\nnotNull Violation: users.location cannot be null,\nnotNull Violation: users.occupation cannot be null","timestamp":"2023-10-17T18:07:59.012Z"}
{"from":"","level":"info","message":"mails options:","subject":"Account Verification Link","text":"Hello, Brice Igor Please verify your email by clicking this link : \n          undefined:5005/api/users/verify-email/1/c6ef8cb5101bad36a20bca7788996942 ","timestamp":"2023-10-17T18:16:16.427Z","to":"kuranchieracheal@gmail.com"}
{"level":"info","message":"user has been created successfully","timestamp":"2023-10-17T18:16:16.435Z"}
{"level":"info","message":"Connection has been established successfully.","timestamp":"2023-10-17T18:21:26.103Z"}
{"level":"info","message":"Connection has been established successfully.","timestamp":"2023-10-17T19:07:36.058Z"}
{"level":"info","message":{"createdAt":"2023-10-17T18:16:16.000Z","id":1,"token":"c6ef8cb5101bad36a20bca7788996942","updatedAt":"2023-10-17T18:16:16.000Z","user_id":1},"timestamp":"2023-10-17T19:07:45.250Z"}
{"level":"info","message":"Connection has been established successfully.","timestamp":"2023-10-17T19:08:22.138Z"}
{"level":"info","message":"Connection has been established successfully.","timestamp":"2023-10-17T19:08:46.949Z"}
{"level":"info","message":"Connection has been established successfully.","timestamp":"2023-10-17T19:09:26.761Z"}
{"level":"info","message":"Connection has been established successfully.","timestamp":"2023-10-17T19:09:52.270Z"}
{"level":"info","message":{"createdAt":"2023-10-17T18:16:16.000Z","id":1,"token":"c6ef8cb5101bad36a20bca7788996942","updatedAt":"2023-10-17T18:16:16.000Z","user_id":1},"timestamp":"2023-10-17T19:10:10.601Z"}
{"level":"info","message":{"createdAt":"2023-10-17T18:16:16.000Z","id":1,"token":"c6ef8cb5101bad36a20bca7788996942","updatedAt":"2023-10-17T18:16:16.000Z","user_id":1},"timestamp":"2023-10-17T19:18:24.660Z"}
{"level":"info","message":{"createdAt":"2023-10-17T18:16:16.000Z","id":1,"token":"c6ef8cb5101bad36a20bca7788996942","updatedAt":"2023-10-17T18:16:16.000Z","user_id":1},"timestamp":"2023-10-17T19:18:37.195Z"}
{"level":"info","message":null,"timestamp":"2023-10-17T19:18:42.351Z"}
{"level":"info","message":"Connection has been established successfully.","timestamp":"2023-10-17T19:19:44.860Z"}
{"level":"info","message":"Connection has been established successfully.","timestamp":"2023-10-17T19:20:25.169Z"}
{"level":"info","message":"Connection has been established successfully.","timestamp":"2023-10-17T19:21:39.897Z"}
{"level":"info","message":"Connection has been established successfully.","timestamp":"2023-10-17T19:22:00.460Z"}
{"level":"info","message":"Connection has been established successfully.","timestamp":"2023-10-17T19:22:32.225Z"}
{"level":"info","message":"Connection has been established successfully.","timestamp":"2023-10-17T19:35:08.886Z"}
{"level":"info","message":"Connection has been established successfully.","timestamp":"2023-10-17T19:35:58.561Z"}
{"level":"info","message":"Connection has been established successfully.","timestamp":"2023-10-17T19:36:01.324Z"}
{"level":"info","message":"Connection has been established successfully.","timestamp":"2023-10-17T19:41:50.090Z"}
{"level":"info","message":"Connection has been established successfully.","timestamp":"2023-10-17T19:43:42.412Z"}
{"level":"info","message":"Connection has been established successfully.","timestamp":"2023-10-17T19:49:42.802Z"}
{"level":"info","message":"Connection has been established successfully.","timestamp":"2023-10-17T19:55:30.363Z"}
{"level":"info","message":null,"timestamp":"2023-10-17T19:55:37.136Z"}
{"level":"info","message":{"createdAt":"2023-10-17T18:16:16.000Z","id":1,"token":"c6ef8cb5101bad36a20bca7788996942","updatedAt":"2023-10-17T18:16:16.000Z","user_id":1},"timestamp":"2023-10-17T19:57:30.779Z"}
{"level":"info","message":"user are authenticate successfully","timestamp":"2023-10-17T20:09:29.920Z"}
{"level":"info","message":"user are authenticate successfully","timestamp":"2023-10-17T20:09:47.567Z"}
{"level":"info","message":"user are authenticate successfully","timestamp":"2023-10-17T20:09:56.405Z"}
{"level":"info","message":"Connection has been established successfully.","timestamp":"2023-10-17T20:10:37.630Z"}
{"level":"info","message":"user are authenticate successfully","timestamp":"2023-10-17T20:11:06.322Z"}
{"level":"info","message":"Connection has been established successfully.","timestamp":"2023-10-17T20:12:47.299Z"}
{"level":"info","message":"Connection has been established successfully.","timestamp":"2023-10-17T20:18:03.648Z"}
{"level":"info","message":"user are authenticate successfully","timestamp":"2023-10-17T20:18:26.872Z"}
{"level":"info","message":"user are authenticate successfully","timestamp":"2023-10-17T20:18:49.448Z"}
{"level":"info","message":"user are authenticate successfully","timestamp":"2023-10-17T20:18:55.770Z"}
{"level":"error","message":"WHERE parameter \"userName\" has invalid \"undefined\" value","timestamp":"2023-10-17T20:19:02.395Z"}
{"level":"error","message":"WHERE parameter \"userName\" has invalid \"undefined\" value","timestamp":"2023-10-17T20:19:12.385Z"}
{"level":"info","message":"user are authenticate successfully","timestamp":"2023-10-17T20:19:16.611Z"}
{"level":"info","message":"Connection has been established successfully.","timestamp":"2023-10-17T20:21:22.438Z"}
{"level":"info","message":"Connection has been established successfully.","timestamp":"2023-10-17T20:21:30.464Z"}
{"level":"info","message":"Connection has been established successfully.","timestamp":"2023-10-17T20:21:36.836Z"}
{"level":"info","message":"Connection has been established successfully.","timestamp":"2023-10-17T20:22:05.466Z"}
{"level":"info","message":"Connection has been established successfully.","timestamp":"2023-10-17T20:22:11.189Z"}
{"level":"info","message":"Connection has been established successfully.","timestamp":"2023-10-17T20:31:56.889Z"}
{"level":"warn","message":"username already taken","timestamp":"2023-10-17T20:32:05.651Z"}
{"code":"ERR_HTTP_HEADERS_SENT","level":"error","timestamp":"2023-10-17T20:32:05.654Z"}
{"level":"info","message":"Connection has been established successfully.","timestamp":"2023-10-17T20:33:17.866Z"}
{"level":"info","message":"Connection has been established successfully.","timestamp":"2023-10-17T20:34:14.639Z"}
{"level":"warn","message":"username already taken","timestamp":"2023-10-17T20:34:20.595Z"}
{"level":"info","message":"Connection has been established successfully.","timestamp":"2023-10-17T20:35:03.865Z"}
{"level":"info","message":"Connection has been established successfully.","timestamp":"2023-10-17T20:35:13.515Z"}
{"level":"warn","message":"username already taken","timestamp":"2023-10-17T20:35:26.456Z"}
{"level":"info","message":"Connection has been established successfully.","timestamp":"2023-10-17T20:51:25.181Z"}
{"level":"warn","message":"username already taken","timestamp":"2023-10-17T20:51:28.017Z"}
{"level":"info","message":"Connection has been established successfully.","timestamp":"2023-10-17T21:08:46.598Z"}
{"level":"warn","message":"username already taken","timestamp":"2023-10-17T21:09:20.406Z"}
